<?xml version="1.0" encoding="UTF-8"?>
<!-- Generated by org.testng.reporters.JUnitXMLReporter -->
<testsuite ignored="0" hostname="PEGASUS" failures="0" tests="11" name="FunctionalTesting" time="133.414" errors="0" timestamp="2022-09-14T13:13:18 IST">
  <testcase classname="com.qa.testscripts.TC_Leetcode_SignIn_001" name="SignIn" time="15.947"/>
  <testcase classname="com.qa.testscripts.TC_ProblemsDropdown_004" name="initialiseExpectedResult" time="0.002"/>
  <testcase classname="com.qa.testscripts.TC_ProblemsDropdown_004" name="dropdownSelection" time="24.595"/>
  <testcase classname="com.qa.testscripts.TC_ProblemsDropdown_004" name="dropdownSelection" time="24.405"/>
  <testcase classname="com.qa.testscripts.TC_ProblemsDropdown_004" name="dropdownSelection" time="24.227"/>
  <testcase classname="com.qa.testscripts.TC_Leetcode_SignIn_001" name="SignIn" time="18.252"/>
  <testcase classname="com.qa.testscripts.TC_ProblemsSearchTag_008" name="initExpectedResult" time="0.001"/>
  <testcase classname="com.qa.testscripts.TC_ProblemsSearchTag_008" name="searchTag" time="3.355"/>
  <testcase classname="com.qa.testscripts.TC_ProblemsSearchTag_008" name="searchTag" time="3.294"/>
  <testcase classname="com.qa.testscripts.TC_ProblemsSearchTag_008" name="searchTag" time="3.265"/>
  <testcase classname="com.qa.testscripts.TC_ProblemsSearchTag_008" name="searchTag" time="3.286"/>
</testsuite> <!-- FunctionalTesting -->
