<?xml version="1.0" encoding="UTF-8"?>
<testng-results ignored="0" total="11" passed="11" failed="0" skipped="0">
  <reporter-output>
  </reporter-output>
  <suite started-at="2022-09-14T13:11:05 IST" name="TestAutomationSuite" finished-at="2022-09-14T13:13:18 IST" duration-ms="133414">
    <groups>
    </groups>
    <test started-at="2022-09-14T13:11:05 IST" name="FunctionalTesting" finished-at="2022-09-14T13:13:18 IST" duration-ms="133414">
      <class name="com.qa.testscripts.TC_ProblemsDropdown_004">
        <test-method is-config="true" signature="setUp(java.lang.String,java.lang.String)[pri:0, instance:com.qa.testscripts.TC_ProblemsDropdown_004@485966cc]" started-at="2022-09-14T13:11:05 IST" name="setUp" finished-at="2022-09-14T13:11:11 IST" duration-ms="6129" status="PASS">
          <params>
            <param index="0">
              <value>
                <![CDATA[Chrome]]>
              </value>
            </param>
            <param index="1">
              <value>
                <![CDATA[https://leetcode.com]]>
              </value>
            </param>
          </params>
          <reporter-output>
          </reporter-output>
        </test-method> <!-- setUp -->
        <test-method signature="SignIn()[pri:0, instance:com.qa.testscripts.TC_ProblemsDropdown_004@485966cc]" started-at="2022-09-14T13:11:11 IST" name="SignIn" finished-at="2022-09-14T13:11:27 IST" duration-ms="15947" status="PASS">
          <reporter-output>
          </reporter-output>
        </test-method> <!-- SignIn -->
        <test-method signature="initialiseExpectedResult()[pri:0, instance:com.qa.testscripts.TC_ProblemsDropdown_004@485966cc]" started-at="2022-09-14T13:11:27 IST" name="initialiseExpectedResult" finished-at="2022-09-14T13:11:27 IST" duration-ms="2" status="PASS">
          <reporter-output>
          </reporter-output>
        </test-method> <!-- initialiseExpectedResult -->
        <test-method signature="dropdownSelection(java.lang.String,java.lang.String,java.lang.String,java.lang.String)[pri:1, instance:com.qa.testscripts.TC_ProblemsDropdown_004@485966cc]" started-at="2022-09-14T13:11:28 IST" name="dropdownSelection" data-provider="getData" finished-at="2022-09-14T13:11:53 IST" duration-ms="24595" status="PASS">
          <params>
            <param index="0">
              <value>
                <![CDATA[LeetCode Curated Algo 170]]>
              </value>
            </param>
            <param index="1">
              <value>
                <![CDATA[Easy]]>
              </value>
            </param>
            <param index="2">
              <value>
                <![CDATA[Todo]]>
              </value>
            </param>
            <param index="3">
              <value>
                <![CDATA[Array]]>
              </value>
            </param>
          </params>
          <reporter-output>
          </reporter-output>
        </test-method> <!-- dropdownSelection -->
        <test-method signature="dropdownSelection(java.lang.String,java.lang.String,java.lang.String,java.lang.String)[pri:1, instance:com.qa.testscripts.TC_ProblemsDropdown_004@485966cc]" started-at="2022-09-14T13:11:53 IST" name="dropdownSelection" data-provider="getData" finished-at="2022-09-14T13:12:17 IST" duration-ms="24405" status="PASS">
          <params>
            <param index="0">
              <value>
                <![CDATA[LeetCode Curated SQL 70]]>
              </value>
            </param>
            <param index="1">
              <value>
                <![CDATA[Medium]]>
              </value>
            </param>
            <param index="2">
              <value>
                <![CDATA[Todo]]>
              </value>
            </param>
            <param index="3">
              <value>
                <![CDATA[Database]]>
              </value>
            </param>
          </params>
          <reporter-output>
          </reporter-output>
        </test-method> <!-- dropdownSelection -->
        <test-method signature="dropdownSelection(java.lang.String,java.lang.String,java.lang.String,java.lang.String)[pri:1, instance:com.qa.testscripts.TC_ProblemsDropdown_004@485966cc]" started-at="2022-09-14T13:12:17 IST" name="dropdownSelection" data-provider="getData" finished-at="2022-09-14T13:12:41 IST" duration-ms="24227" status="PASS">
          <params>
            <param index="0">
              <value>
                <![CDATA[Top Interview Questions]]>
              </value>
            </param>
            <param index="1">
              <value>
                <![CDATA[Easy]]>
              </value>
            </param>
            <param index="2">
              <value>
                <![CDATA[Todo]]>
              </value>
            </param>
            <param index="3">
              <value>
                <![CDATA[String]]>
              </value>
            </param>
          </params>
          <reporter-output>
          </reporter-output>
        </test-method> <!-- dropdownSelection -->
        <test-method is-config="true" signature="tearDown()[pri:0, instance:com.qa.testscripts.TC_ProblemsDropdown_004@485966cc]" started-at="2022-09-14T13:12:41 IST" name="tearDown" finished-at="2022-09-14T13:12:42 IST" duration-ms="359" status="PASS">
          <reporter-output>
          </reporter-output>
        </test-method> <!-- tearDown -->
      </class> <!-- com.qa.testscripts.TC_ProblemsDropdown_004 -->
      <class name="com.qa.testscripts.TC_ProblemsSearchTag_008">
        <test-method is-config="true" signature="setUp(java.lang.String,java.lang.String)[pri:0, instance:com.qa.testscripts.TC_ProblemsSearchTag_008@434a63ab]" started-at="2022-09-14T13:12:42 IST" name="setUp" finished-at="2022-09-14T13:12:46 IST" duration-ms="4716" status="PASS">
          <params>
            <param index="0">
              <value>
                <![CDATA[Chrome]]>
              </value>
            </param>
            <param index="1">
              <value>
                <![CDATA[https://leetcode.com]]>
              </value>
            </param>
          </params>
          <reporter-output>
          </reporter-output>
        </test-method> <!-- setUp -->
        <test-method signature="SignIn()[pri:0, instance:com.qa.testscripts.TC_ProblemsSearchTag_008@434a63ab]" started-at="2022-09-14T13:12:46 IST" name="SignIn" finished-at="2022-09-14T13:13:05 IST" duration-ms="18252" status="PASS">
          <reporter-output>
          </reporter-output>
        </test-method> <!-- SignIn -->
        <test-method signature="initExpectedResult()[pri:0, instance:com.qa.testscripts.TC_ProblemsSearchTag_008@434a63ab]" started-at="2022-09-14T13:13:05 IST" name="initExpectedResult" finished-at="2022-09-14T13:13:05 IST" duration-ms="1" status="PASS">
          <reporter-output>
          </reporter-output>
        </test-method> <!-- initExpectedResult -->
        <test-method signature="searchTag(java.lang.String)[pri:2, instance:com.qa.testscripts.TC_ProblemsSearchTag_008@434a63ab]" started-at="2022-09-14T13:13:05 IST" name="searchTag" data-provider="getData" finished-at="2022-09-14T13:13:08 IST" duration-ms="3355" status="PASS">
          <params>
            <param index="0">
              <value>
                <![CDATA[App]]>
              </value>
            </param>
          </params>
          <reporter-output>
          </reporter-output>
        </test-method> <!-- searchTag -->
        <test-method signature="searchTag(java.lang.String)[pri:2, instance:com.qa.testscripts.TC_ProblemsSearchTag_008@434a63ab]" started-at="2022-09-14T13:13:08 IST" name="searchTag" data-provider="getData" finished-at="2022-09-14T13:13:11 IST" duration-ms="3294" status="PASS">
          <params>
            <param index="0">
              <value>
                <![CDATA[Del]]>
              </value>
            </param>
          </params>
          <reporter-output>
          </reporter-output>
        </test-method> <!-- searchTag -->
        <test-method signature="searchTag(java.lang.String)[pri:2, instance:com.qa.testscripts.TC_ProblemsSearchTag_008@434a63ab]" started-at="2022-09-14T13:13:11 IST" name="searchTag" data-provider="getData" finished-at="2022-09-14T13:13:15 IST" duration-ms="3265" status="PASS">
          <params>
            <param index="0">
              <value>
                <![CDATA[Ora]]>
              </value>
            </param>
          </params>
          <reporter-output>
          </reporter-output>
        </test-method> <!-- searchTag -->
        <test-method signature="searchTag(java.lang.String)[pri:2, instance:com.qa.testscripts.TC_ProblemsSearchTag_008@434a63ab]" started-at="2022-09-14T13:13:15 IST" name="searchTag" data-provider="getData" finished-at="2022-09-14T13:13:18 IST" duration-ms="3286" status="PASS">
          <params>
            <param index="0">
              <value>
                <![CDATA[Sales]]>
              </value>
            </param>
          </params>
          <reporter-output>
          </reporter-output>
        </test-method> <!-- searchTag -->
        <test-method is-config="true" signature="tearDown()[pri:0, instance:com.qa.testscripts.TC_ProblemsSearchTag_008@434a63ab]" started-at="2022-09-14T13:13:18 IST" name="tearDown" finished-at="2022-09-14T13:13:18 IST" duration-ms="156" status="PASS">
          <reporter-output>
          </reporter-output>
        </test-method> <!-- tearDown -->
      </class> <!-- com.qa.testscripts.TC_ProblemsSearchTag_008 -->
    </test> <!-- FunctionalTesting -->
  </suite> <!-- TestAutomationSuite -->
</testng-results>
